<?xml version="1.0" encoding="UTF-8"?>
<testng-results skipped="0" failed="0" total="1" passed="1">
  <reporter-output>
  </reporter-output>
  <suite name="Default suite" duration-ms="141102" started-at="2014-12-03T09:31:54Z" finished-at="2014-12-03T09:34:15Z">
    <groups>
    </groups>
    <test name="Default test" duration-ms="141102" started-at="2014-12-03T09:31:54Z" finished-at="2014-12-03T09:34:15Z">
      <class name="HelloWorld">
        <test-method status="PASS" signature="main()[pri:0, instance:HelloWorld@afb23c]" name="main" duration-ms="141088" started-at="2014-12-03T15:01:54Z" finished-at="2014-12-03T15:04:15Z">
          <reporter-output>
          </reporter-output>
        </test-method> <!-- main -->
      </class> <!-- HelloWorld -->
    </test> <!-- Default test -->
  </suite> <!-- Default suite -->
</testng-results>
